[2016-11-29 09:20:21] START
[2016-11-29 09:21:08] EDIT unificatex/private/appconfig.ini: 2
[2016-11-29 09:22:10] EDIT unificatex/private/appconfig.ini: 0
[2016-11-29 09:28:16] EDIT unificatex/private/appconfig.ini: 0
[2016-11-30 13:30:11] EDIT unificatex/models/db.py: 18
[2016-11-30 13:30:35] EDIT unificatex/models/db.py: -2
[2016-11-30 13:30:41] EDIT unificatex/models/db.py: 0
[2016-11-30 13:31:40] EDIT unificatex/private/appconfig.ini: 0
[2016-11-30 13:33:42] EDIT unificatex/models/db.py: 1
[2016-11-30 13:37:49] EDIT unificatex/models/db.py: -3
[2016-11-30 13:38:31] EDIT unificatex/models/db.py: 0
[2016-11-30 13:39:51] EDIT unificatex/private/appconfig.ini: 0
[2016-11-30 13:40:03] EDIT unificatex/private/appconfig.ini: 0
[2016-11-30 13:57:48] EDIT unificatex/models/db.py: 1
[2016-11-30 14:02:14] EDIT unificatex/models/db.py: 0
[2016-11-30 14:02:50] EDIT unificatex/models/db.py: 0
[2016-11-30 14:03:21] EDIT unificatex/models/db.py: 0
[2017-12-29 16:16:40] EDIT init/controllers/gestion_factures_bta.py: 1
[2017-12-29 16:30:32] EDIT init/controllers/gestion_factures_bta.py: 0
[2017-12-29 16:30:50] EDIT init/controllers/gestion_factures_bta.py: 0
[2017-12-29 16:31:11] EDIT init/controllers/gestion_factures_bta.py: 0
[2017-12-29 16:34:18] EDIT init/controllers/gestion_factures_bta.py: 0
[2017-12-29 16:34:25] EDIT init/controllers/gestion_factures_bta.py: 0
[2017-12-29 16:34:30] EDIT init/controllers/gestion_factures_bta.py: 0
[2017-12-29 16:34:31] EDIT init/controllers/gestion_factures_bta.py: 0
[2017-12-29 16:44:59] EDIT init/controllers/gestion_factures.py: 1
[2018-03-03 12:05:20] EDIT init/controllers/gestion_vms_bta.py: 0
[2018-03-03 12:10:07] EDIT init/controllers/gestion_vms_bta.py: 1
[2018-03-03 12:11:34] EDIT init/controllers/gestion_vms_bta.py: 0
[2018-03-03 12:13:31] EDIT init/controllers/gestion_vms_bta.py: 1
[2018-03-03 12:14:53] EDIT init/controllers/gestion_vms_bta.py: 0
[2018-03-03 12:18:13] EDIT init/controllers/gestion_vms_bta.py: 1
[2018-03-03 12:19:07] EDIT init/controllers/gestion_vms_bta.py: 0
[2018-03-03 12:20:48] EDIT init/controllers/gestion_vms_bta.py: 0
[2018-03-03 12:22:44] EDIT init/controllers/gestion_vms_bta.py: 0
[2018-03-03 12:24:04] EDIT init/controllers/gestion_vms_bta.py: 0
[2018-03-03 12:24:44] EDIT init/controllers/gestion_vms_bta.py: 0
[2018-03-03 12:25:36] EDIT init/controllers/gestion_vms_bta.py: 0
[2018-03-03 12:46:11] EDIT init/controllers/gestion_vms_bta.py: -2
[2018-03-03 12:46:41] EDIT init/controllers/gestion_vms_bta.py: 0
[2018-03-03 13:07:09] EDIT init/controllers/gestion_vms_bta.py: -1
[2018-03-03 13:08:05] EDIT init/controllers/gestion_vms_bta.py: 0
[2018-03-03 13:21:29] EDIT init/controllers/gestion_vms_bta.py: 1
[2018-03-03 13:21:59] EDIT init/controllers/gestion_vms_bta.py: 0
[2018-03-03 17:23:18] EDIT init/controllers/gestion_vms_bta.py: 1
[2018-03-03 17:24:20] EDIT init/controllers/gestion_vms_bta.py: 0
[2018-03-03 17:24:57] EDIT init/controllers/gestion_vms_bta.py: 0
[2018-03-03 17:25:24] EDIT init/controllers/gestion_vms_bta.py: 0
[2018-03-03 17:29:28] EDIT init/controllers/gestion_vms_bta.py: -1
[2018-03-03 21:40:09] EDIT init/controllers/gestion_vms_bta.py: 0
[2018-03-03 21:41:24] EDIT init/controllers/gestion_vms_bta.py: -3
[2018-03-03 21:42:51] EDIT init/controllers/gestion_vms_bta.py: -1
[2018-03-03 21:43:07] EDIT init/controllers/gestion_vms_bta.py: 0
[2018-03-03 21:44:32] EDIT init/controllers/gestion_vms_bta.py: 0
[2018-03-03 21:45:59] EDIT init/controllers/gestion_vms_bta.py: 0
[2018-03-03 21:46:52] EDIT init/controllers/gestion_vms_bta.py: 0
[2018-03-03 21:52:30] EDIT init/controllers/gestion_vms_bta.py: 2
[2018-03-03 21:53:18] EDIT init/controllers/gestion_vms_bta.py: 0
[2018-03-03 21:56:20] EDIT init/controllers/gestion_vms_bta.py: 1
[2018-03-03 21:56:41] EDIT init/controllers/gestion_vms_bta.py: 0
[2018-03-03 21:57:08] EDIT init/controllers/gestion_vms_bta.py: 0
[2018-03-03 21:57:57] EDIT init/controllers/gestion_vms_bta.py: 0
[2018-03-03 22:02:26] EDIT init/controllers/gestion_vms_bta.py: 0
[2018-03-03 22:10:10] EDIT init/controllers/gestion_vms_bta.py: 0
[2018-03-03 22:11:14] EDIT init/controllers/gestion_vms_bta.py: 0
[2018-03-03 22:12:09] EDIT init/controllers/gestion_vms_bta.py: 0
[2018-03-03 22:12:38] EDIT init/controllers/gestion_vms_bta.py: 0
[2018-03-03 22:14:27] EDIT init/controllers/gestion_vms_bta.py: 0
[2018-03-03 22:22:24] EDIT init/controllers/gestion_vms_bta.py: 0
[2018-03-03 22:22:45] EDIT init/controllers/gestion_vms_bta.py: 0
[2018-03-03 22:26:56] EDIT init/controllers/gestion_vms_bta.py: 0
[2018-03-03 22:27:31] EDIT init/controllers/gestion_vms_bta.py: 0
[2018-03-03 22:29:20] EDIT init/controllers/gestion_vms_bta.py: 0
[2018-03-03 22:31:57] EDIT init/controllers/gestion_vms_bta.py: 0
[2018-03-03 22:34:17] EDIT init/controllers/gestion_vms_bta.py: 0
[2018-03-03 22:35:53] EDIT init/controllers/gestion_vms_bta.py: 0
[2018-03-03 22:36:37] EDIT init/controllers/gestion_vms_bta.py: 0
[2018-03-03 22:40:00] EDIT init/controllers/gestion_vms_bta.py: -4
[2018-03-03 22:41:14] EDIT init/controllers/gestion_vms_bta.py: 0
[2018-03-03 22:54:23] EDIT init/controllers/gestion_vms_bta.py: 0
[2018-03-03 22:55:05] EDIT init/controllers/gestion_vms_bta.py: 0
[2018-03-03 22:58:07] EDIT init/controllers/gestion_vms_bta.py: 0
[2018-03-04 11:45:34] EDIT init/controllers/gestion_vms_bta.py: 0
[2018-03-04 11:54:02] EDIT init/controllers/gestion_vms_bta.py: 4
[2018-03-04 11:54:42] EDIT init/controllers/gestion_vms_bta.py: 0
[2018-03-04 11:56:06] EDIT init/controllers/gestion_vms_bta.py: 0
[2018-03-04 12:52:32] EDIT init/controllers/gestion_vms_bta.py: 2
[2018-03-04 12:56:04] EDIT init/controllers/gestion_vms_bta.py: 4
[2018-03-04 12:58:15] EDIT init/controllers/gestion_vms_bta.py: 0
[2018-03-04 13:00:48] EDIT init/controllers/gestion_vms_bta.py: -4
[2018-03-04 13:09:25] EDIT init/controllers/gestion_vms_bta.py: 3
[2018-03-04 13:11:17] EDIT init/controllers/gestion_vms_bta.py: 2
[2018-03-04 13:11:30] EDIT init/controllers/gestion_vms_bta.py: 0
[2018-03-04 13:13:17] EDIT init/controllers/gestion_vms_bta.py: 1
[2018-03-04 13:18:36] EDIT init/controllers/gestion_vms_bta.py: 1
[2018-03-04 13:19:35] EDIT init/controllers/gestion_vms_bta.py: -1
[2018-03-04 13:41:55] EDIT init/controllers/gestion_vms_bta.py: 2
[2018-03-04 13:42:32] EDIT init/controllers/gestion_vms_bta.py: 0
[2018-03-04 13:49:08] EDIT init/controllers/gestion_vms_bta.py: 0
[2018-03-04 13:49:47] EDIT init/controllers/gestion_vms_bta.py: 0
[2018-03-04 14:00:03] EDIT init/controllers/gestion_vms_bta.py: 0
[2018-03-04 14:06:23] EDIT init/controllers/gestion_vms_bta.py: -5
[2018-03-04 14:06:53] EDIT init/controllers/gestion_vms_bta.py: 0
[2018-03-04 14:08:15] EDIT init/controllers/gestion_vms_bta.py: 1
[2018-03-04 14:09:58] EDIT init/controllers/gestion_vms_bta.py: 0
[2018-03-04 14:10:24] EDIT init/controllers/gestion_vms_bta.py: 0
[2018-03-04 15:54:28] EDIT init/controllers/gestion_vms_bta.py: 0
[2018-03-04 16:58:06] EDIT init/controllers/gestion_vms_bta.py: 0
[2018-03-04 17:02:17] EDIT init/controllers/gestion_vms_bta.py: 0
[2018-03-04 17:05:11] EDIT init/controllers/gestion_vms_bta.py: 0
[2018-03-04 17:05:20] EDIT init/controllers/gestion_vms_bta.py: 0
[2018-03-04 17:05:33] EDIT init/controllers/gestion_vms_bta.py: -1
[2018-03-04 17:06:53] EDIT init/controllers/gestion_vms_bta.py: 0
[2018-03-04 17:07:27] EDIT init/controllers/gestion_vms_bta.py: 0
[2018-03-04 17:08:24] EDIT init/controllers/gestion_vms_bta.py: 0
[2018-03-04 17:08:54] EDIT init/controllers/gestion_vms_bta.py: 0
[2018-03-04 17:10:11] EDIT init/controllers/gestion_vms_bta.py: 0
[2018-03-04 17:29:30] EDIT init/controllers/gestion_vms_bta.py: 2
[2018-03-04 17:29:40] EDIT init/controllers/gestion_vms_bta.py: 0
[2018-03-04 17:30:19] EDIT init/controllers/gestion_vms_bta.py: 0
[2018-03-04 17:31:26] EDIT init/controllers/gestion_vms_bta.py: 0
[2018-03-04 17:32:51] EDIT init/controllers/gestion_vms_bta.py: -1
[2018-03-04 17:33:59] EDIT init/controllers/gestion_vms_bta.py: 0
[2018-03-04 17:34:43] EDIT init/controllers/gestion_vms_bta.py: 0
[2018-03-04 17:35:22] EDIT init/controllers/gestion_vms_bta.py: -1
